Vivado Simulator 2019.1
Copyright 1986-1999, 2001-2019 Xilinx, Inc. All Rights Reserved.
Running: C:/Xilinx/Vivado/2019.1/bin/unwrapped/win64.o/xelab.exe -wto 1d2ff6f733d34458b58db2d7f0771c19 --incr --debug typical --relax --mt 2 --maxdelay -L xil_defaultlib -L simprims_ver -L secureip --snapshot General_SM_tb_time_synth -transport_int_delays -pulse_r 0 -pulse_int_r 0 -pulse_e 0 -pulse_int_e 0 xil_defaultlib.General_SM_tb xil_defaultlib.glbl -log elaborate.log 
Using 2 slave threads.
Starting static elaboration
Completed static elaboration
Starting simulation data flow analysis
Completed simulation data flow analysis
INFO: [XSIM 43-3451] SDF backannotation process started with SDF file "General_SM_tb_time_synth.sdf", for root module "General_SM_tb/GSM".
INFO: [XSIM 43-3452] SDF backannotation was successful for SDF file "General_SM_tb_time_synth.sdf", for root module "General_SM_tb/GSM".
Time Resolution for simulation is 1ps
Compiling package std.standard
Compiling package std.textio
Compiling package ieee.std_logic_1164
Compiling package ieee.numeric_std
Compiling package vl.vl_types
Compiling module xil_defaultlib.glbl
Compiling module simprims_ver.latchsre_ldce
Compiling module simprims_ver.LDCE
Compiling module simprims_ver.LUT4
Compiling module simprims_ver.LUT6
Compiling module simprims_ver.LUT5
Compiling module simprims_ver.FDRE_default
Compiling module simprims_ver.x_lut2_mux4
Compiling module simprims_ver.LUT2
Compiling module simprims_ver.LDCE(IS_G_INVERTED=1'b1)
Compiling module simprims_ver.x_lut1_mux2
Compiling module simprims_ver.LUT1
Compiling module xil_defaultlib.final_P
Compiling module xil_defaultlib.Initial_P
Compiling module simprims_ver.BUFG
Compiling module simprims_ver.x_lut3_mux8
Compiling module simprims_ver.LUT3
Compiling module simprims_ver.FDSE_default
Compiling module simprims_ver.CARRY4
Compiling module xil_defaultlib.key_scheduling_SM
Compiling module xil_defaultlib.Linear_transformation
Compiling module simprims_ver.FDRE(INIT=1'b1)
Compiling module xil_defaultlib.S_boxes
Compiling module simprims_ver.MUXF7
Compiling module xil_defaultlib.Minor_state_machine
Compiling module simprims_ver.OBUF
Compiling module simprims_ver.IBUF
Compiling module xil_defaultlib.General_State_machine
Compiling architecture behavioral of entity xil_defaultlib.general_sm_tb
Built simulation snapshot General_SM_tb_time_synth
