Vivado Simulator 2019.1
Copyright 1986-1999, 2001-2019 Xilinx, Inc. All Rights Reserved.
Running: C:/Xilinx/Vivado/2019.1/bin/unwrapped/win64.o/xelab.exe -wto 1d2ff6f733d34458b58db2d7f0771c19 --incr --debug typical --relax --mt 2 -L xil_defaultlib -L secureip --snapshot General_SM_tb_func_synth xil_defaultlib.General_SM_tb -log elaborate.log 
Using 2 slave threads.
Starting static elaboration
Completed static elaboration
Starting simulation data flow analysis
Completed simulation data flow analysis
Time Resolution for simulation is 1ps
Compiling package std.standard
Compiling package std.textio
Compiling package ieee.std_logic_1164
Compiling package ieee.numeric_std
Compiling package unisim.vcomponents
Compiling package ieee.vital_timing
Compiling package ieee.vital_primitives
Compiling package unisim.vpkg
Compiling architecture ldce_v of entity unisim.LDCE [ldce_default]
Compiling architecture lut4_v of entity unisim.LUT4 [\LUT4(init="0000000000010000")(0...]
Compiling architecture lut4_v of entity unisim.LUT4 [\LUT4(init="0001000000000000")(0...]
Compiling architecture lut6_v of entity unisim.LUT6 [\LUT6(init="00000000000000000000...]
Compiling architecture lut5_v of entity unisim.LUT5 [\LUT5(init="00000000001111110010...]
Compiling architecture lut4_v of entity unisim.LUT4 [\LUT4(init="0000000001111000")(0...]
Compiling architecture lut5_v of entity unisim.LUT5 [\LUT5(init="00110000000010000000...]
Compiling architecture fdre_v of entity unisim.FDRE [fdre_default]
Compiling architecture lut4_v of entity unisim.LUT4 [\LUT4(init="1100111011000010")(0...]
Compiling architecture lut2_v of entity unisim.LUT2 [\LUT2(init="1110")(0,3)\]
Compiling architecture lut5_v of entity unisim.LUT5 [\LUT5(init="11111100101110111111...]
Compiling architecture lut6_v of entity unisim.LUT6 [\LUT6(init="11111111110111111111...]
Compiling architecture ldce_v of entity unisim.LDCE [\LDCE(is_g_inverted='1')\]
Compiling architecture lut2_v of entity unisim.LUT2 [\LUT2(init="1011")(0,3)\]
Compiling architecture lut2_v of entity unisim.LUT2 [\LUT2(init="1001")(0,3)\]
Compiling architecture lut1_v of entity unisim.LUT1 [\LUT1(init="0001")(0,3)\]
Compiling architecture lut2_v of entity unisim.LUT2 [\LUT2(init="0010")(0,3)\]
Compiling architecture structure of entity xil_defaultlib.final_P [final_p_default]
Compiling architecture lut6_v of entity unisim.LUT6 [\LUT6(init="10001111111111111000...]
Compiling architecture structure of entity xil_defaultlib.Initial_P [initial_p_default]
Compiling architecture bufg_v of entity unisim.BUFG [bufg_default]
Compiling architecture lut3_v of entity unisim.LUT3 [\LUT3(init="00001000")(0,7)\]
Compiling architecture lut4_v of entity unisim.LUT4 [\LUT4(init="0110111101100000")(0...]
Compiling architecture lut4_v of entity unisim.LUT4 [\LUT4(init="1111101110111011")(0...]
Compiling architecture lut6_v of entity unisim.LUT6 [\LUT6(init="10001111111100000000...]
Compiling architecture lut2_v of entity unisim.LUT2 [\LUT2(init="1000")(0,3)\]
Compiling architecture lut5_v of entity unisim.LUT5 [\LUT5(init="10111010101111111000...]
Compiling architecture lut5_v of entity unisim.LUT5 [\LUT5(init="10111100001111001000...]
Compiling architecture lut4_v of entity unisim.LUT4 [\LUT4(init="1011101010110000")(0...]
Compiling architecture lut5_v of entity unisim.LUT5 [\LUT5(init="10111000111111111100...]
Compiling architecture lut5_v of entity unisim.LUT5 [\LUT5(init="10111000101110111011...]
Compiling architecture lut5_v of entity unisim.LUT5 [\LUT5(init="10111000111111111011...]
Compiling architecture lut4_v of entity unisim.LUT4 [\LUT4(init="1011111110110000")(0...]
Compiling architecture lut4_v of entity unisim.LUT4 [\LUT4(init="1011100010001000")(0...]
Compiling architecture lut3_v of entity unisim.LUT3 [\LUT3(init="01100000")(0,7)\]
Compiling architecture lut6_v of entity unisim.LUT6 [\LUT6(init="11111111110100001111...]
Compiling architecture lut2_v of entity unisim.LUT2 [\LUT2(init="0111")(0,3)\]
Compiling architecture lut6_v of entity unisim.LUT6 [\LUT6(init="00000000000000000000...]
Compiling architecture lut6_v of entity unisim.LUT6 [\LUT6(init="11001111110100111111...]
Compiling architecture lut4_v of entity unisim.LUT4 [\LUT4(init="0000000000000010")(0...]
Compiling architecture lut5_v of entity unisim.LUT5 [\LUT5(init="01000000010101010100...]
Compiling architecture lut4_v of entity unisim.LUT4 [\LUT4(init="1001010100011110")(0...]
Compiling architecture lut4_v of entity unisim.LUT4 [\LUT4(init="0101001010111001")(0...]
Compiling architecture lut4_v of entity unisim.LUT4 [\LUT4(init="0110010100111100")(0...]
Compiling architecture lut4_v of entity unisim.LUT4 [\LUT4(init="1000001110110110")(0...]
Compiling architecture lut4_v of entity unisim.LUT4 [\LUT4(init="1110100001010110")(0...]
Compiling architecture lut4_v of entity unisim.LUT4 [\LUT4(init="0100100110011011")(0...]
Compiling architecture lut4_v of entity unisim.LUT4 [\LUT4(init="0110001010011110")(0...]
Compiling architecture lut4_v of entity unisim.LUT4 [\LUT4(init="0011010001011011")(0...]
Compiling architecture lut4_v of entity unisim.LUT4 [\LUT4(init="0111100010000111")(0...]
Compiling architecture lut4_v of entity unisim.LUT4 [\LUT4(init="0111101000101001")(0...]
Compiling architecture lut4_v of entity unisim.LUT4 [\LUT4(init="0001101011000111")(0...]
Compiling architecture lut4_v of entity unisim.LUT4 [\LUT4(init="0111010001101001")(0...]
Compiling architecture lut4_v of entity unisim.LUT4 [\LUT4(init="0110001010110101")(0...]
Compiling architecture lut4_v of entity unisim.LUT4 [\LUT4(init="0001111010110001")(0...]
Compiling architecture lut4_v of entity unisim.LUT4 [\LUT4(init="1001110000111001")(0...]
Compiling architecture lut4_v of entity unisim.LUT4 [\LUT4(init="1010100101011100")(0...]
Compiling architecture lut4_v of entity unisim.LUT4 [\LUT4(init="1100101010110100")(0...]
Compiling architecture lut4_v of entity unisim.LUT4 [\LUT4(init="0110110111000010")(0...]
Compiling architecture lut4_v of entity unisim.LUT4 [\LUT4(init="1010110010010110")(0...]
Compiling architecture lut4_v of entity unisim.LUT4 [\LUT4(init="1100001110010110")(0...]
Compiling architecture lut4_v of entity unisim.LUT4 [\LUT4(init="1100100101111000")(0...]
Compiling architecture lut4_v of entity unisim.LUT4 [\LUT4(init="0100111110010010")(0...]
Compiling architecture lut4_v of entity unisim.LUT4 [\LUT4(init="1000011001111010")(0...]
Compiling architecture lut4_v of entity unisim.LUT4 [\LUT4(init="0101100000110111")(0...]
Compiling architecture lut4_v of entity unisim.LUT4 [\LUT4(init="0101001011011001")(0...]
Compiling architecture lut3_v of entity unisim.LUT3 [\LUT3(init="00000010")(0,7)\]
Compiling architecture lut4_v of entity unisim.LUT4 [\LUT4(init="0101110001100011")(0...]
Compiling architecture lut4_v of entity unisim.LUT4 [\LUT4(init="0110010110110010")(0...]
Compiling architecture lut4_v of entity unisim.LUT4 [\LUT4(init="1100100101110100")(0...]
Compiling architecture lut4_v of entity unisim.LUT4 [\LUT4(init="0110010110011010")(0...]
Compiling architecture lut4_v of entity unisim.LUT4 [\LUT4(init="0100101010011101")(0...]
Compiling architecture lut4_v of entity unisim.LUT4 [\LUT4(init="1001011010011001")(0...]
Compiling architecture lut3_v of entity unisim.LUT3 [\LUT3(init="10000010")(0,7)\]
Compiling architecture lut4_v of entity unisim.LUT4 [\LUT4(init="1010000000000010")(0...]
Compiling architecture lut3_v of entity unisim.LUT3 [\LUT3(init="10111000")(0,7)\]
Compiling architecture lut5_v of entity unisim.LUT5 [\LUT5(init="11111110111111111111...]
Compiling architecture lut5_v of entity unisim.LUT5 [\LUT5(init="10000000100000000000...]
Compiling architecture lut6_v of entity unisim.LUT6 [\LUT6(init="10101111101000001100...]
Compiling architecture fdse_v of entity unisim.FDSE [fdse_default]
Compiling architecture lut6_v of entity unisim.LUT6 [\LUT6(init="11111110111111111111...]
Compiling architecture lut3_v of entity unisim.LUT3 [\LUT3(init="01000000")(0,7)\]
Compiling architecture lut3_v of entity unisim.LUT3 [\LUT3(init="11100000")(0,7)\]
Compiling architecture lut2_v of entity unisim.LUT2 [\LUT2(init="0001")(0,3)\]
Compiling architecture carry4_v of entity unisim.CARRY4 [carry4_default]
Compiling architecture lut3_v of entity unisim.LUT3 [\LUT3(init="10000001")(0,7)\]
Compiling architecture lut2_v of entity unisim.LUT2 [\LUT2(init="0110")(0,3)\]
Compiling architecture lut6_v of entity unisim.LUT6 [\LUT6(init="01101001100101101001...]
Compiling architecture lut6_v of entity unisim.LUT6 [\LUT6(init="10010110011010010110...]
Compiling architecture lut5_v of entity unisim.LUT5 [\LUT5(init="10010110011010010110...]
Compiling architecture lut5_v of entity unisim.LUT5 [\LUT5(init="01101001100101101001...]
Compiling architecture lut4_v of entity unisim.LUT4 [\LUT4(init="1001011001101001")(0...]
Compiling architecture lut4_v of entity unisim.LUT4 [\LUT4(init="0110100110010110")(0...]
Compiling architecture lut3_v of entity unisim.LUT3 [\LUT3(init="10010110")(0,7)\]
Compiling architecture lut3_v of entity unisim.LUT3 [\LUT3(init="01101001")(0,7)\]
Compiling architecture lut4_v of entity unisim.LUT4 [\LUT4(init="1110110101001000")(0...]
Compiling architecture lut5_v of entity unisim.LUT5 [\LUT5(init="11110110111110011001...]
Compiling architecture lut6_v of entity unisim.LUT6 [\LUT6(init="11111111100101101111...]
Compiling architecture structure of entity xil_defaultlib.key_scheduling_SM [key_scheduling_sm_default]
Compiling architecture lut4_v of entity unisim.LUT4 [\LUT4(init="0000000000000100")(0...]
Compiling architecture lut5_v of entity unisim.LUT5 [\LUT5(init="00100000011101110000...]
Compiling architecture lut5_v of entity unisim.LUT5 [\LUT5(init="00100000011101110111...]
Compiling architecture lut4_v of entity unisim.LUT4 [\LUT4(init="0001010101000000")(0...]
Compiling architecture lut5_v of entity unisim.LUT5 [\LUT5(init="11111111111111111111...]
Compiling architecture lut5_v of entity unisim.LUT5 [\LUT5(init="00000000110111111010...]
Compiling architecture lut6_v of entity unisim.LUT6 [\LUT6(init="11111111111111111111...]
Compiling architecture lut3_v of entity unisim.LUT3 [\LUT3(init="10000000")(0,7)\]
Compiling architecture lut5_v of entity unisim.LUT5 [\LUT5(init="11111111111111111000...]
Compiling architecture lut4_v of entity unisim.LUT4 [\LUT4(init="0011000100000100")(0...]
Compiling architecture lut6_v of entity unisim.LUT6 [\LUT6(init="01001111010001000100...]
Compiling architecture lut6_v of entity unisim.LUT6 [\LUT6(init="10001011101110001111...]
Compiling architecture lut4_v of entity unisim.LUT4 [\LUT4(init="0000000000001110")(0...]
Compiling architecture lut4_v of entity unisim.LUT4 [\LUT4(init="0001000100110000")(0...]
Compiling architecture lut3_v of entity unisim.LUT3 [\LUT3(init="00110101")(0,7)\]
Compiling architecture lut4_v of entity unisim.LUT4 [\LUT4(init="0000001000110000")(0...]
Compiling architecture lut4_v of entity unisim.LUT4 [\LUT4(init="0011000000000001")(0...]
Compiling architecture lut4_v of entity unisim.LUT4 [\LUT4(init="0000000010000000")(0...]
Compiling architecture lut6_v of entity unisim.LUT6 [\LUT6(init="00000000010000001111...]
Compiling architecture lut6_v of entity unisim.LUT6 [\LUT6(init="10000000000000000000...]
Compiling architecture lut4_v of entity unisim.LUT4 [\LUT4(init="0010000000000010")(0...]
Compiling architecture structure of entity xil_defaultlib.Linear_transformation [linear_transformation_default]
Compiling architecture lut5_v of entity unisim.LUT5 [\LUT5(init="11111111111111100000...]
Compiling architecture lut5_v of entity unisim.LUT5 [\LUT5(init="11111111111011110000...]
Compiling architecture lut4_v of entity unisim.LUT4 [\LUT4(init="0100010001010111")(0...]
Compiling architecture lut4_v of entity unisim.LUT4 [\LUT4(init="1111000011100000")(0...]
Compiling architecture lut3_v of entity unisim.LUT3 [\LUT3(init="11111000")(0,7)\]
Compiling architecture fdre_v of entity unisim.FDRE [\FDRE(init='1')\]
Compiling architecture lut6_v of entity unisim.LUT6 [\LUT6(init="10101111101011111010...]
Compiling architecture lut6_v of entity unisim.LUT6 [\LUT6(init="11110111111100000000...]
Compiling architecture lut5_v of entity unisim.LUT5 [\LUT5(init="11111111000000001110...]
Compiling architecture lut4_v of entity unisim.LUT4 [\LUT4(init="1111111111111110")(0...]
Compiling architecture lut6_v of entity unisim.LUT6 [\LUT6(init="10010001011010000010...]
Compiling architecture lut6_v of entity unisim.LUT6 [\LUT6(init="00010100000111111111...]
Compiling architecture lut6_v of entity unisim.LUT6 [\LUT6(init="11111111111111111111...]
Compiling architecture lut5_v of entity unisim.LUT5 [\LUT5(init="11111111111001000000...]
Compiling architecture lut6_v of entity unisim.LUT6 [\LUT6(init="10111100101000111100...]
Compiling architecture lut6_v of entity unisim.LUT6 [\LUT6(init="10010011101101100100...]
Compiling architecture lut6_v of entity unisim.LUT6 [\LUT6(init="11000010000111101100...]
Compiling architecture lut6_v of entity unisim.LUT6 [\LUT6(init="10000111110100101111...]
Compiling architecture lut6_v of entity unisim.LUT6 [\LUT6(init="00001111111000010000...]
Compiling architecture lut6_v of entity unisim.LUT6 [\LUT6(init="00111100101111110100...]
Compiling architecture lut3_v of entity unisim.LUT3 [\LUT3(init="11111110")(0,7)\]
Compiling architecture lut5_v of entity unisim.LUT5 [\LUT5(init="10111111111111110000...]
Compiling architecture lut6_v of entity unisim.LUT6 [\LUT6(init="01000100010001000100...]
Compiling architecture lut6_v of entity unisim.LUT6 [\LUT6(init="00000000000000000000...]
Compiling architecture lut6_v of entity unisim.LUT6 [\LUT6(init="00000000000000000000...]
Compiling architecture lut5_v of entity unisim.LUT5 [\LUT5(init="00000000000000010000...]
Compiling architecture lut5_v of entity unisim.LUT5 [\LUT5(init="00000000000000000000...]
Compiling architecture lut6_v of entity unisim.LUT6 [\LUT6(init="00000000000000000000...]
Compiling architecture lut6_v of entity unisim.LUT6 [\LUT6(init="00000000000000000000...]
Compiling architecture lut5_v of entity unisim.LUT5 [\LUT5(init="00000000000000000000...]
Compiling architecture lut6_v of entity unisim.LUT6 [\LUT6(init="00000000000000000000...]
Compiling architecture lut5_v of entity unisim.LUT5 [\LUT5(init="00000000000000000010...]
Compiling architecture lut6_v of entity unisim.LUT6 [\LUT6(init="00000000000000000000...]
Compiling architecture lut5_v of entity unisim.LUT5 [\LUT5(init="00000000000000000001...]
Compiling architecture lut6_v of entity unisim.LUT6 [\LUT6(init="00000000000000000000...]
Compiling architecture lut5_v of entity unisim.LUT5 [\LUT5(init="00000000000000000000...]
Compiling architecture lut5_v of entity unisim.LUT5 [\LUT5(init="00000000000000001000...]
Compiling architecture lut6_v of entity unisim.LUT6 [\LUT6(init="00000000000000000010...]
Compiling architecture lut6_v of entity unisim.LUT6 [\LUT6(init="00000000000000000000...]
Compiling architecture lut5_v of entity unisim.LUT5 [\LUT5(init="00000000000000000000...]
Compiling architecture lut6_v of entity unisim.LUT6 [\LUT6(init="00000000001000000000...]
Compiling architecture lut6_v of entity unisim.LUT6 [\LUT6(init="00100000000000000000...]
Compiling architecture lut6_v of entity unisim.LUT6 [\LUT6(init="00000000000000000000...]
Compiling architecture lut5_v of entity unisim.LUT5 [\LUT5(init="00000001000000000000...]
Compiling architecture lut5_v of entity unisim.LUT5 [\LUT5(init="00000000000000100000...]
Compiling architecture lut6_v of entity unisim.LUT6 [\LUT6(init="00000000100000000000...]
Compiling architecture lut5_v of entity unisim.LUT5 [\LUT5(init="00001000000000000000...]
Compiling architecture lut6_v of entity unisim.LUT6 [\LUT6(init="00000000000000000000...]
Compiling architecture lut5_v of entity unisim.LUT5 [\LUT5(init="00000010000000000000...]
Compiling architecture lut6_v of entity unisim.LUT6 [\LUT6(init="00000000000000000000...]
Compiling architecture lut6_v of entity unisim.LUT6 [\LUT6(init="00001000000000000000...]
Compiling architecture lut5_v of entity unisim.LUT5 [\LUT5(init="00000000100000000000...]
Compiling architecture lut5_v of entity unisim.LUT5 [\LUT5(init="10000000000000000000...]
Compiling architecture lut6_v of entity unisim.LUT6 [\LUT6(init="00000000000000000000...]
Compiling architecture lut5_v of entity unisim.LUT5 [\LUT5(init="00000000000000000000...]
Compiling architecture lut6_v of entity unisim.LUT6 [\LUT6(init="11011111111111111111...]
Compiling architecture lut6_v of entity unisim.LUT6 [\LUT6(init="00000000000000000000...]
Compiling architecture lut5_v of entity unisim.LUT5 [\LUT5(init="00000000000000000000...]
Compiling architecture lut6_v of entity unisim.LUT6 [\LUT6(init="00000000000000000000...]
Compiling architecture lut5_v of entity unisim.LUT5 [\LUT5(init="00000000000000000000...]
Compiling architecture lut6_v of entity unisim.LUT6 [\LUT6(init="00000000000000000000...]
Compiling architecture lut5_v of entity unisim.LUT5 [\LUT5(init="00000000000000000000...]
Compiling architecture lut6_v of entity unisim.LUT6 [\LUT6(init="00000000000000000000...]
Compiling architecture lut5_v of entity unisim.LUT5 [\LUT5(init="00000000000000000000...]
Compiling architecture lut6_v of entity unisim.LUT6 [\LUT6(init="00000000000000000000...]
Compiling architecture lut5_v of entity unisim.LUT5 [\LUT5(init="00000000000000000000...]
Compiling architecture structure of entity xil_defaultlib.S_boxes [s_boxes_default]
Compiling architecture lut3_v of entity unisim.LUT3 [\LUT3(init="00110100")(0,7)\]
Compiling architecture lut4_v of entity unisim.LUT4 [\LUT4(init="1111111111101111")(0...]
Compiling architecture lut5_v of entity unisim.LUT5 [\LUT5(init="11111111111111110010...]
Compiling architecture lut6_v of entity unisim.LUT6 [\LUT6(init="11111111111111111111...]
Compiling architecture lut4_v of entity unisim.LUT4 [\LUT4(init="0000000000000001")(0...]
Compiling architecture lut3_v of entity unisim.LUT3 [\LUT3(init="01111111")(0,7)\]
Compiling architecture lut6_v of entity unisim.LUT6 [\LUT6(init="00000000000000000000...]
Compiling architecture lut6_v of entity unisim.LUT6 [\LUT6(init="11110001000000001111...]
Compiling architecture lut6_v of entity unisim.LUT6 [\LUT6(init="00000000000000000000...]
Compiling architecture lut5_v of entity unisim.LUT5 [\LUT5(init="11111111111111101111...]
Compiling architecture lut4_v of entity unisim.LUT4 [\LUT4(init="0100111101000100")(0...]
Compiling architecture lut6_v of entity unisim.LUT6 [\LUT6(init="11111111111111111111...]
Compiling architecture lut6_v of entity unisim.LUT6 [\LUT6(init="11111111111111111111...]
Compiling architecture lut6_v of entity unisim.LUT6 [\LUT6(init="11111111111111111111...]
Compiling architecture lut4_v of entity unisim.LUT4 [\LUT4(init="0000100001000001")(0...]
Compiling architecture lut5_v of entity unisim.LUT5 [\LUT5(init="00100000001000000110...]
Compiling architecture lut4_v of entity unisim.LUT4 [\LUT4(init="0000100000000000")(0...]
Compiling architecture lut6_v of entity unisim.LUT6 [\LUT6(init="00110010001000101111...]
Compiling architecture lut4_v of entity unisim.LUT4 [\LUT4(init="1111111111111101")(0...]
Compiling architecture lut6_v of entity unisim.LUT6 [\LUT6(init="01000100010001000100...]
Compiling architecture lut4_v of entity unisim.LUT4 [\LUT4(init="0111111111111111")(0...]
Compiling architecture lut4_v of entity unisim.LUT4 [\LUT4(init="0000000001000000")(0...]
Compiling architecture lut4_v of entity unisim.LUT4 [\LUT4(init="0000000100000000")(0...]
Compiling architecture muxf7_v of entity unisim.MUXF7 [muxf7_default]
Compiling architecture lut4_v of entity unisim.LUT4 [\LUT4(init="0000000000001001")(0...]
Compiling architecture lut4_v of entity unisim.LUT4 [\LUT4(init="0000010000000000")(0...]
Compiling architecture lut5_v of entity unisim.LUT5 [\LUT5(init="00000000000000001100...]
Compiling architecture structure of entity xil_defaultlib.Minor_state_machine [minor_state_machine_default]
Compiling architecture obuf_v of entity unisim.OBUF [\OBUF(1,9)(1,7)(1,4)\]
Compiling architecture ibuf_v of entity unisim.IBUF [\IBUF(1,9)(1,1)(1,4)(1,7)\]
Compiling architecture lut4_v of entity unisim.LUT4 [\LUT4(init="0000000001000001")(0...]
Compiling architecture lut4_v of entity unisim.LUT4 [\LUT4(init="0000000000001000")(0...]
Compiling architecture structure of entity xil_defaultlib.General_State_machine [general_state_machine_default]
Compiling architecture behavioral of entity xil_defaultlib.general_sm_tb
Built simulation snapshot General_SM_tb_func_synth
