Vivado Simulator 2019.1
Copyright 1986-1999, 2001-2019 Xilinx, Inc. All Rights Reserved.
Running: C:/Xilinx/Vivado/2019.1/bin/unwrapped/win64.o/xelab.exe -wto 5a52ac2ee6f546b28f5fd5898c144ca6 --incr --debug typical --relax --mt 2 -L xil_defaultlib -L secureip --snapshot TOP_MODULE_tb_behav xil_defaultlib.TOP_MODULE_tb -log elaborate.log 
Using 2 slave threads.
Starting static elaboration
Completed static elaboration
Starting simulation data flow analysis
Completed simulation data flow analysis
Time Resolution for simulation is 1ps
Compiling package std.standard
Compiling package std.textio
Compiling package ieee.std_logic_1164
Compiling package ieee.numeric_std
Compiling architecture rtl of entity xil_defaultlib.comparator [comparator_default]
Compiling architecture rtl of entity xil_defaultlib.controlUnit [controlunit_default]
Compiling architecture rtl of entity xil_defaultlib.makeSubkeys [makesubkeys_default]
Compiling architecture rtl of entity xil_defaultlib.subkeysRegisterFile [subkeysregisterfile_default]
Compiling architecture rtl of entity xil_defaultlib.roundCounter [roundcounter_default]
Compiling architecture rtl of entity xil_defaultlib.RBitslice [rbitslice_default]
Compiling architecture rtl of entity xil_defaultlib.DEMUX [demux_default]
Compiling architecture rtl of entity xil_defaultlib.MUX [mux_default]
Compiling architecture rtl of entity xil_defaultlib.MUX [\MUX(data_size=6)\]
Compiling architecture rtl of entity xil_defaultlib.dataPath [datapath_default]
Compiling architecture rtl of entity xil_defaultlib.serpent [serpent_default]
Compiling architecture rtl of entity xil_defaultlib.TOP_MODULE [top_module_default]
Compiling architecture rtl of entity xil_defaultlib.top_module_tb
Built simulation snapshot TOP_MODULE_tb_behav
