INFO: [VRFC 10-163] Analyzing VHDL file "C:/Users/admin/Downloads/serpent.srcs/sources_1/new/DEMUX.vhd" into library xil_defaultlib
INFO: [VRFC 10-3107] analyzing entity 'DEMUX'
INFO: [VRFC 10-163] Analyzing VHDL file "C:/Users/admin/Downloads/serpent.srcs/sources_1/new/MUX.vhd" into library xil_defaultlib
INFO: [VRFC 10-3107] analyzing entity 'MUX'
INFO: [VRFC 10-163] Analyzing VHDL file "C:/Users/admin/Downloads/serpent.srcs/sources_1/new/RBitslice.vhd" into library xil_defaultlib
INFO: [VRFC 10-3107] analyzing entity 'RBitslice'
INFO: [VRFC 10-163] Analyzing VHDL file "C:/Users/admin/Downloads/serpent.srcs/sources_1/new/TOP_MODULE.vhd" into library xil_defaultlib
INFO: [VRFC 10-3107] analyzing entity 'TOP_MODULE'
INFO: [VRFC 10-163] Analyzing VHDL file "C:/Users/admin/Downloads/serpent.srcs/sources_1/new/comparator.vhd" into library xil_defaultlib
INFO: [VRFC 10-3107] analyzing entity 'comparator'
INFO: [VRFC 10-163] Analyzing VHDL file "C:/Users/admin/Downloads/serpent.srcs/sources_1/new/controlUnit.vhd" into library xil_defaultlib
INFO: [VRFC 10-3107] analyzing entity 'controlUnit'
INFO: [VRFC 10-163] Analyzing VHDL file "C:/Users/admin/Downloads/serpent.srcs/sources_1/new/dataPath.vhd" into library xil_defaultlib
INFO: [VRFC 10-3107] analyzing entity 'dataPath'
INFO: [VRFC 10-163] Analyzing VHDL file "C:/Users/admin/Downloads/serpent.srcs/sources_1/new/makeSubkeys.vhd" into library xil_defaultlib
INFO: [VRFC 10-3107] analyzing entity 'makeSubkeys'
INFO: [VRFC 10-163] Analyzing VHDL file "C:/Users/admin/Downloads/serpent.srcs/sources_1/new/roundCounter.vhd" into library xil_defaultlib
INFO: [VRFC 10-3107] analyzing entity 'roundCounter'
INFO: [VRFC 10-163] Analyzing VHDL file "C:/Users/admin/Downloads/serpent.srcs/sources_1/new/serpent.vhd" into library xil_defaultlib
INFO: [VRFC 10-3107] analyzing entity 'serpent'
INFO: [VRFC 10-163] Analyzing VHDL file "C:/Users/admin/Downloads/serpent.srcs/sources_1/new/subkeysRegisterFile.vhd" into library xil_defaultlib
INFO: [VRFC 10-3107] analyzing entity 'subkeysRegisterFile'
INFO: [VRFC 10-163] Analyzing VHDL file "C:/Users/admin/Downloads/serpent.srcs/sources_1/new/TOP_MODULE_tb.vhd" into library xil_defaultlib
INFO: [VRFC 10-3107] analyzing entity 'TOP_MODULE_tb'
